

*******************************************************************************
Tue Apr 22 12:37:55 2014


FIT:    data read from "1.txt"
        format = z
        #datapoints = 100
        residuals are weighted equally (unit weight)

function used for fitting: f(x)
fitted parameters initialized with current variable values



 Iteration 0
 WSSR        : 0.157256          delta(WSSR)/WSSR   : 0
 delta(WSSR) : 0                 limit for stopping : 1e-05
 lambda	  : 0.0457322

initial set of free parameter values

a               = 2
b               = 3
c               = -1

After 37 iterations the fit converged.
final sum of squares of residuals : 0.00300048
rel. change during last iteration : -4.47367e-06

degrees of freedom    (FIT_NDF)                        : 97
rms of residuals      (FIT_STDFIT) = sqrt(WSSR/ndf)    : 0.00556173
variance of residuals (reduced chisquare) = WSSR/ndf   : 3.09328e-05

Final set of parameters            Asymptotic Standard Error
=======================            ==========================

a               = 1.35384          +/- 0.1174       (8.67%)
b               = 0.863683         +/- 0.2202       (25.5%)
c               = -0.072907        +/- 0.009609     (13.18%)


correlation matrix of the fit parameters:

               a      b      c      
a               1.000 
b               0.895  1.000 
c              -0.842 -0.935  1.000 


*******************************************************************************
Tue Apr 22 12:37:55 2014


FIT:    data read from "51.txt"
        format = z
        #datapoints = 100
        residuals are weighted equally (unit weight)

function used for fitting: f(x)
fitted parameters initialized with current variable values



 Iteration 0
 WSSR        : 10.1549           delta(WSSR)/WSSR   : 0
 delta(WSSR) : 0                 limit for stopping : 1e-05
 lambda	  : 0.0457322

initial set of free parameter values

a               = 2
b               = 3
c               = -1

After 13 iterations the fit converged.
final sum of squares of residuals : 0.104939
rel. change during last iteration : -2.30819e-07

degrees of freedom    (FIT_NDF)                        : 97
rms of residuals      (FIT_STDFIT) = sqrt(WSSR/ndf)    : 0.0328915
variance of residuals (reduced chisquare) = WSSR/ndf   : 0.00108185

Final set of parameters            Asymptotic Standard Error
=======================            ==========================

a               = 1.1883           +/- 0.01648      (1.387%)
b               = -0.427553        +/- 0.0252       (5.893%)
c               = -1.09103         +/- 0.01865      (1.709%)


correlation matrix of the fit parameters:

               a      b      c      
a               1.000 
b               0.780  1.000 
c              -0.696 -0.833  1.000 


*******************************************************************************
Tue Apr 22 12:37:55 2014


FIT:    data read from "101.txt"
        format = z
        #datapoints = 100
        residuals are weighted equally (unit weight)

function used for fitting: f(x)
fitted parameters initialized with current variable values



 Iteration 0
 WSSR        : 8.31545           delta(WSSR)/WSSR   : 0
 delta(WSSR) : 0                 limit for stopping : 1e-05
 lambda	  : 0.0457322

initial set of free parameter values

a               = 2
b               = 3
c               = -1

After 11 iterations the fit converged.
final sum of squares of residuals : 0.0794198
rel. change during last iteration : -3.92261e-06

degrees of freedom    (FIT_NDF)                        : 97
rms of residuals      (FIT_STDFIT) = sqrt(WSSR/ndf)    : 0.028614
variance of residuals (reduced chisquare) = WSSR/ndf   : 0.000818761

Final set of parameters            Asymptotic Standard Error
=======================            ==========================

a               = 1.11075          +/- 0.01414      (1.273%)
b               = -0.264834        +/- 0.02125      (8.026%)
c               = -1.08013         +/- 0.01663      (1.54%)


correlation matrix of the fit parameters:

               a      b      c      
a               1.000 
b               0.757  1.000 
c              -0.683 -0.813  1.000 


*******************************************************************************
Tue Apr 22 12:37:55 2014


FIT:    data read from "151.txt"
        format = z
        #datapoints = 100
        residuals are weighted equally (unit weight)

function used for fitting: f(x)
fitted parameters initialized with current variable values



 Iteration 0
 WSSR        : 7.32469           delta(WSSR)/WSSR   : 0
 delta(WSSR) : 0                 limit for stopping : 1e-05
 lambda	  : 0.0457322

initial set of free parameter values

a               = 2
b               = 3
c               = -1

After 12 iterations the fit converged.
final sum of squares of residuals : 0.0587122
rel. change during last iteration : -5.14211e-06

degrees of freedom    (FIT_NDF)                        : 97
rms of residuals      (FIT_STDFIT) = sqrt(WSSR/ndf)    : 0.0246025
variance of residuals (reduced chisquare) = WSSR/ndf   : 0.000605281

Final set of parameters            Asymptotic Standard Error
=======================            ==========================

a               = 1.06238          +/- 0.01224      (1.152%)
b               = -0.166623        +/- 0.01797      (10.78%)
c               = -1.06968         +/- 0.01456      (1.361%)


correlation matrix of the fit parameters:

               a      b      c      
a               1.000 
b               0.743  1.000 
c              -0.678 -0.801  1.000 


*******************************************************************************
Tue Apr 22 12:37:55 2014


FIT:    data read from "201.txt"
        format = z
        #datapoints = 100
        residuals are weighted equally (unit weight)

function used for fitting: f(x)
fitted parameters initialized with current variable values



 Iteration 0
 WSSR        : 6.61472           delta(WSSR)/WSSR   : 0
 delta(WSSR) : 0                 limit for stopping : 1e-05
 lambda	  : 0.0457322

initial set of free parameter values

a               = 2
b               = 3
c               = -1

After 12 iterations the fit converged.
final sum of squares of residuals : 0.0478418
rel. change during last iteration : -4.92584e-06

degrees of freedom    (FIT_NDF)                        : 97
rms of residuals      (FIT_STDFIT) = sqrt(WSSR/ndf)    : 0.0222084
variance of residuals (reduced chisquare) = WSSR/ndf   : 0.000493215

Final set of parameters            Asymptotic Standard Error
=======================            ==========================

a               = 1.0288           +/- 0.0112       (1.089%)
b               = -0.0885253       +/- 0.01614      (18.23%)
c               = -1.06099         +/- 0.0134       (1.263%)


correlation matrix of the fit parameters:

               a      b      c      
a               1.000 
b               0.734  1.000 
c              -0.676 -0.793  1.000 


*******************************************************************************
Tue Apr 22 12:37:55 2014


FIT:    data read from "251.txt"
        format = z
        #datapoints = 100
        residuals are weighted equally (unit weight)

function used for fitting: f(x)
fitted parameters initialized with current variable values



 Iteration 0
 WSSR        : 6.08137           delta(WSSR)/WSSR   : 0
 delta(WSSR) : 0                 limit for stopping : 1e-05
 lambda	  : 0.0457322

initial set of free parameter values

a               = 2
b               = 3
c               = -1

After 12 iterations the fit converged.
final sum of squares of residuals : 0.0402863
rel. change during last iteration : -6.1023e-06

degrees of freedom    (FIT_NDF)                        : 97
rms of residuals      (FIT_STDFIT) = sqrt(WSSR/ndf)    : 0.0203795
variance of residuals (reduced chisquare) = WSSR/ndf   : 0.000415322

Final set of parameters            Asymptotic Standard Error
=======================            ==========================

a               = 1.00548          +/- 0.01044      (1.038%)
b               = -0.0239782       +/- 0.01485      (61.92%)
c               = -1.05469         +/- 0.01254      (1.189%)


correlation matrix of the fit parameters:

               a      b      c      
a               1.000 
b               0.729  1.000 
c              -0.676 -0.788  1.000 


*******************************************************************************
Tue Apr 22 12:37:55 2014


FIT:    data read from "301.txt"
        format = z
        #datapoints = 100
        residuals are weighted equally (unit weight)

function used for fitting: f(x)
fitted parameters initialized with current variable values



 Iteration 0
 WSSR        : 5.66              delta(WSSR)/WSSR   : 0
 delta(WSSR) : 0                 limit for stopping : 1e-05
 lambda	  : 0.0457322

initial set of free parameter values

a               = 2
b               = 3
c               = -1

After 13 iterations the fit converged.
final sum of squares of residuals : 0.0348627
rel. change during last iteration : -7.28256e-07

degrees of freedom    (FIT_NDF)                        : 97
rms of residuals      (FIT_STDFIT) = sqrt(WSSR/ndf)    : 0.0189581
variance of residuals (reduced chisquare) = WSSR/ndf   : 0.000359409

Final set of parameters            Asymptotic Standard Error
=======================            ==========================

a               = 0.986402         +/- 0.009841     (0.9977%)
b               = 0.0310382        +/- 0.01386      (44.66%)
c               = -1.04934         +/- 0.01187      (1.131%)


correlation matrix of the fit parameters:

               a      b      c      
a               1.000 
b               0.724  1.000 
c              -0.677 -0.783  1.000 


*******************************************************************************
Tue Apr 22 12:37:55 2014


FIT:    data read from "351.txt"
        format = z
        #datapoints = 100
        residuals are weighted equally (unit weight)

function used for fitting: f(x)
fitted parameters initialized with current variable values



 Iteration 0
 WSSR        : 5.32394           delta(WSSR)/WSSR   : 0
 delta(WSSR) : 0                 limit for stopping : 1e-05
 lambda	  : 0.0457322

initial set of free parameter values

a               = 2
b               = 3
c               = -1

After 12 iterations the fit converged.
final sum of squares of residuals : 0.0306878
rel. change during last iteration : -5.32744e-06

degrees of freedom    (FIT_NDF)                        : 97
rms of residuals      (FIT_STDFIT) = sqrt(WSSR/ndf)    : 0.0177868
variance of residuals (reduced chisquare) = WSSR/ndf   : 0.000316369

Final set of parameters            Asymptotic Standard Error
=======================            ==========================

a               = 0.970698         +/- 0.009343     (0.9625%)
b               = 0.0787918        +/- 0.01306      (16.57%)
c               = -1.04536         +/- 0.01132      (1.083%)


correlation matrix of the fit parameters:

               a      b      c      
a               1.000 
b               0.721  1.000 
c              -0.678 -0.780  1.000 


*******************************************************************************
Tue Apr 22 12:37:55 2014


FIT:    data read from "401.txt"
        format = z
        #datapoints = 100
        residuals are weighted equally (unit weight)

function used for fitting: f(x)
fitted parameters initialized with current variable values



 Iteration 0
 WSSR        : 5.02875           delta(WSSR)/WSSR   : 0
 delta(WSSR) : 0                 limit for stopping : 1e-05
 lambda	  : 0.0457322

initial set of free parameter values

a               = 2
b               = 3
c               = -1

After 12 iterations the fit converged.
final sum of squares of residuals : 0.0278528
rel. change during last iteration : -2.05514e-06

degrees of freedom    (FIT_NDF)                        : 97
rms of residuals      (FIT_STDFIT) = sqrt(WSSR/ndf)    : 0.0169453
variance of residuals (reduced chisquare) = WSSR/ndf   : 0.000287142

Final set of parameters            Asymptotic Standard Error
=======================            ==========================

a               = 0.957506         +/- 0.009013     (0.9413%)
b               = 0.12267          +/- 0.01252      (10.2%)
c               = -1.0416          +/- 0.01096      (1.052%)


correlation matrix of the fit parameters:

               a      b      c      
a               1.000 
b               0.719  1.000 
c              -0.679 -0.778  1.000 


*******************************************************************************
Tue Apr 22 12:37:55 2014


FIT:    data read from "451.txt"
        format = z
        #datapoints = 100
        residuals are weighted equally (unit weight)

function used for fitting: f(x)
fitted parameters initialized with current variable values



 Iteration 0
 WSSR        : 4.77369           delta(WSSR)/WSSR   : 0
 delta(WSSR) : 0                 limit for stopping : 1e-05
 lambda	  : 0.0457322

initial set of free parameter values

a               = 2
b               = 3
c               = -1

After 12 iterations the fit converged.
final sum of squares of residuals : 0.0253661
rel. change during last iteration : -1.20748e-06

degrees of freedom    (FIT_NDF)                        : 97
rms of residuals      (FIT_STDFIT) = sqrt(WSSR/ndf)    : 0.0161711
variance of residuals (reduced chisquare) = WSSR/ndf   : 0.000261506

Final set of parameters            Asymptotic Standard Error
=======================            ==========================

a               = 0.946732         +/- 0.008713     (0.9203%)
b               = 0.162483         +/- 0.01204      (7.41%)
c               = -1.03842         +/- 0.01063      (1.023%)


correlation matrix of the fit parameters:

               a      b      c      
a               1.000 
b               0.718  1.000 
c              -0.680 -0.776  1.000 


*******************************************************************************
Tue Apr 22 12:37:55 2014


FIT:    data read from "501.txt"
        format = z
        #datapoints = 100
        residuals are weighted equally (unit weight)

function used for fitting: f(x)
fitted parameters initialized with current variable values



 Iteration 0
 WSSR        : 4.55274           delta(WSSR)/WSSR   : 0
 delta(WSSR) : 0                 limit for stopping : 1e-05
 lambda	  : 0.0457322

initial set of free parameter values

a               = 2
b               = 3
c               = -1

After 9 iterations the fit converged.
final sum of squares of residuals : 0.023378
rel. change during last iteration : -8.56843e-07

degrees of freedom    (FIT_NDF)                        : 97
rms of residuals      (FIT_STDFIT) = sqrt(WSSR/ndf)    : 0.0155245
variance of residuals (reduced chisquare) = WSSR/ndf   : 0.00024101

Final set of parameters            Asymptotic Standard Error
=======================            ==========================

a               = 0.937039         +/- 0.008465     (0.9034%)
b               = 0.198894         +/- 0.01165      (5.856%)
c               = -1.03564         +/- 0.01036      (0.9999%)


correlation matrix of the fit parameters:

               a      b      c      
a               1.000 
b               0.717  1.000 
c              -0.682 -0.775  1.000 


*******************************************************************************
Tue Apr 22 12:37:55 2014


FIT:    data read from "551.txt"
        format = z
        #datapoints = 100
        residuals are weighted equally (unit weight)

function used for fitting: f(x)
fitted parameters initialized with current variable values



 Iteration 0
 WSSR        : 4.35482           delta(WSSR)/WSSR   : 0
 delta(WSSR) : 0                 limit for stopping : 1e-05
 lambda	  : 0.0457322

initial set of free parameter values

a               = 2
b               = 3
c               = -1

After 9 iterations the fit converged.
final sum of squares of residuals : 0.0217967
rel. change during last iteration : -1.45237e-06

degrees of freedom    (FIT_NDF)                        : 97
rms of residuals      (FIT_STDFIT) = sqrt(WSSR/ndf)    : 0.0149903
variance of residuals (reduced chisquare) = WSSR/ndf   : 0.000224708

Final set of parameters            Asymptotic Standard Error
=======================            ==========================

a               = 0.928794         +/- 0.008276     (0.891%)
b               = 0.232872         +/- 0.01135      (4.873%)
c               = -1.03319         +/- 0.01015      (0.9825%)


correlation matrix of the fit parameters:

               a      b      c      
a               1.000 
b               0.717  1.000 
c              -0.684 -0.775  1.000 


*******************************************************************************
Tue Apr 22 12:37:55 2014


FIT:    data read from "601.txt"
        format = z
        #datapoints = 100
        residuals are weighted equally (unit weight)

function used for fitting: f(x)
fitted parameters initialized with current variable values



 Iteration 0
 WSSR        : 4.18047           delta(WSSR)/WSSR   : 0
 delta(WSSR) : 0                 limit for stopping : 1e-05
 lambda	  : 0.0457322

initial set of free parameter values

a               = 2
b               = 3
c               = -1

After 8 iterations the fit converged.
final sum of squares of residuals : 0.020346
rel. change during last iteration : -5.19667e-06

degrees of freedom    (FIT_NDF)                        : 97
rms of residuals      (FIT_STDFIT) = sqrt(WSSR/ndf)    : 0.0144828
variance of residuals (reduced chisquare) = WSSR/ndf   : 0.000209752

Final set of parameters            Asymptotic Standard Error
=======================            ==========================

a               = 0.921382         +/- 0.00809      (0.8781%)
b               = 0.264179         +/- 0.01106      (4.187%)
c               = -1.03106         +/- 0.00995      (0.965%)


correlation matrix of the fit parameters:

               a      b      c      
a               1.000 
b               0.717  1.000 
c              -0.686 -0.774  1.000 


*******************************************************************************
Tue Apr 22 12:37:55 2014


FIT:    data read from "651.txt"
        format = z
        #datapoints = 100
        residuals are weighted equally (unit weight)

function used for fitting: f(x)
fitted parameters initialized with current variable values



 Iteration 0
 WSSR        : 4.02032           delta(WSSR)/WSSR   : 0
 delta(WSSR) : 0                 limit for stopping : 1e-05
 lambda	  : 0.0457322

initial set of free parameter values

a               = 2
b               = 3
c               = -1

After 8 iterations the fit converged.
final sum of squares of residuals : 0.0192584
rel. change during last iteration : -1.20302e-07

degrees of freedom    (FIT_NDF)                        : 97
rms of residuals      (FIT_STDFIT) = sqrt(WSSR/ndf)    : 0.0140904
variance of residuals (reduced chisquare) = WSSR/ndf   : 0.000198541

Final set of parameters            Asymptotic Standard Error
=======================            ==========================

a               = 0.914703         +/- 0.007966     (0.8708%)
b               = 0.293853         +/- 0.01086      (3.697%)
c               = -1.02899         +/- 0.00982      (0.9543%)


correlation matrix of the fit parameters:

               a      b      c      
a               1.000 
b               0.718  1.000 
c              -0.688 -0.774  1.000 


*******************************************************************************
Tue Apr 22 12:37:55 2014


FIT:    data read from "701.txt"
        format = z
        #datapoints = 100
        residuals are weighted equally (unit weight)

function used for fitting: f(x)
fitted parameters initialized with current variable values



 Iteration 0
 WSSR        : 3.87665           delta(WSSR)/WSSR   : 0
 delta(WSSR) : 0                 limit for stopping : 1e-05
 lambda	  : 0.0457322

initial set of free parameter values

a               = 2
b               = 3
c               = -1

After 8 iterations the fit converged.
final sum of squares of residuals : 0.0182818
rel. change during last iteration : 0

degrees of freedom    (FIT_NDF)                        : 97
rms of residuals      (FIT_STDFIT) = sqrt(WSSR/ndf)    : 0.0137285
variance of residuals (reduced chisquare) = WSSR/ndf   : 0.000188473

Final set of parameters            Asymptotic Standard Error
=======================            ==========================

a               = 0.908815         +/- 0.007853     (0.8641%)
b               = 0.321734         +/- 0.01069      (3.322%)
c               = -1.02733         +/- 0.009704     (0.9446%)


correlation matrix of the fit parameters:

               a      b      c      
a               1.000 
b               0.718  1.000 
c              -0.690 -0.775  1.000 


*******************************************************************************
Tue Apr 22 12:37:55 2014


FIT:    data read from "751.txt"
        format = z
        #datapoints = 100
        residuals are weighted equally (unit weight)

function used for fitting: f(x)
fitted parameters initialized with current variable values



 Iteration 0
 WSSR        : 3.74305           delta(WSSR)/WSSR   : 0
 delta(WSSR) : 0                 limit for stopping : 1e-05
 lambda	  : 0.0457322

initial set of free parameter values

a               = 2
b               = 3
c               = -1

After 9 iterations the fit converged.
final sum of squares of residuals : 0.017433
rel. change during last iteration : -1.23358e-06

degrees of freedom    (FIT_NDF)                        : 97
rms of residuals      (FIT_STDFIT) = sqrt(WSSR/ndf)    : 0.013406
variance of residuals (reduced chisquare) = WSSR/ndf   : 0.000179722

Final set of parameters            Asymptotic Standard Error
=======================            ==========================

a               = 0.903617         +/- 0.007762     (0.859%)
b               = 0.348298         +/- 0.01055      (3.028%)
c               = -1.02574         +/- 0.009611     (0.937%)


correlation matrix of the fit parameters:

               a      b      c      
a               1.000 
b               0.719  1.000 
c              -0.692 -0.775  1.000 


*******************************************************************************
Tue Apr 22 12:37:55 2014


FIT:    data read from "801.txt"
        format = z
        #datapoints = 100
        residuals are weighted equally (unit weight)

function used for fitting: f(x)
fitted parameters initialized with current variable values



 Iteration 0
 WSSR        : 3.61934           delta(WSSR)/WSSR   : 0
 delta(WSSR) : 0                 limit for stopping : 1e-05
 lambda	  : 0.0457322

initial set of free parameter values

a               = 2
b               = 3
c               = -1

After 9 iterations the fit converged.
final sum of squares of residuals : 0.0167002
rel. change during last iteration : -1.11489e-06

degrees of freedom    (FIT_NDF)                        : 97
rms of residuals      (FIT_STDFIT) = sqrt(WSSR/ndf)    : 0.0131213
variance of residuals (reduced chisquare) = WSSR/ndf   : 0.000172167

Final set of parameters            Asymptotic Standard Error
=======================            ==========================

a               = 0.898972         +/- 0.00769      (0.8554%)
b               = 0.373599         +/- 0.01044      (2.794%)
c               = -1.02425         +/- 0.009542     (0.9316%)


correlation matrix of the fit parameters:

               a      b      c      
a               1.000 
b               0.721  1.000 
c              -0.695 -0.776  1.000 


*******************************************************************************
Tue Apr 22 12:37:55 2014


FIT:    data read from "851.txt"
        format = z
        #datapoints = 100
        residuals are weighted equally (unit weight)

function used for fitting: f(x)
fitted parameters initialized with current variable values



 Iteration 0
 WSSR        : 3.50696           delta(WSSR)/WSSR   : 0
 delta(WSSR) : 0                 limit for stopping : 1e-05
 lambda	  : 0.0457322

initial set of free parameter values

a               = 2
b               = 3
c               = -1

After 9 iterations the fit converged.
final sum of squares of residuals : 0.0160504
rel. change during last iteration : -1.00746e-06

degrees of freedom    (FIT_NDF)                        : 97
rms of residuals      (FIT_STDFIT) = sqrt(WSSR/ndf)    : 0.0128634
variance of residuals (reduced chisquare) = WSSR/ndf   : 0.000165468

Final set of parameters            Asymptotic Standard Error
=======================            ==========================

a               = 0.894609         +/- 0.007628     (0.8526%)
b               = 0.397511         +/- 0.01034      (2.602%)
c               = -1.02297         +/- 0.009484     (0.9271%)


correlation matrix of the fit parameters:

               a      b      c      
a               1.000 
b               0.722  1.000 
c              -0.697 -0.777  1.000 


*******************************************************************************
Tue Apr 22 12:37:55 2014


FIT:    data read from "901.txt"
        format = z
        #datapoints = 100
        residuals are weighted equally (unit weight)

function used for fitting: f(x)
fitted parameters initialized with current variable values



 Iteration 0
 WSSR        : 3.40311           delta(WSSR)/WSSR   : 0
 delta(WSSR) : 0                 limit for stopping : 1e-05
 lambda	  : 0.0457322

initial set of free parameter values

a               = 2
b               = 3
c               = -1

After 9 iterations the fit converged.
final sum of squares of residuals : 0.0154828
rel. change during last iteration : -9.07442e-07

degrees of freedom    (FIT_NDF)                        : 97
rms of residuals      (FIT_STDFIT) = sqrt(WSSR/ndf)    : 0.0126339
variance of residuals (reduced chisquare) = WSSR/ndf   : 0.000159616

Final set of parameters            Asymptotic Standard Error
=======================            ==========================

a               = 0.890533         +/- 0.007578     (0.8509%)
b               = 0.420296         +/- 0.01026      (2.442%)
c               = -1.02178         +/- 0.009441     (0.924%)


correlation matrix of the fit parameters:

               a      b      c      
a               1.000 
b               0.724  1.000 
c              -0.700 -0.778  1.000 


*******************************************************************************
Tue Apr 22 12:37:55 2014


FIT:    data read from "951.txt"
        format = z
        #datapoints = 100
        residuals are weighted equally (unit weight)

function used for fitting: f(x)
fitted parameters initialized with current variable values



 Iteration 0
 WSSR        : 3.30539           delta(WSSR)/WSSR   : 0
 delta(WSSR) : 0                 limit for stopping : 1e-05
 lambda	  : 0.0457322

initial set of free parameter values

a               = 2
b               = 3
c               = -1

After 9 iterations the fit converged.
final sum of squares of residuals : 0.0149763
rel. change during last iteration : -8.0498e-07

degrees of freedom    (FIT_NDF)                        : 97
rms of residuals      (FIT_STDFIT) = sqrt(WSSR/ndf)    : 0.0124256
variance of residuals (reduced chisquare) = WSSR/ndf   : 0.000154395

Final set of parameters            Asymptotic Standard Error
=======================            ==========================

a               = 0.886895         +/- 0.00754      (0.8501%)
b               = 0.442246         +/- 0.01021      (2.308%)
c               = -1.02068         +/- 0.009412     (0.9221%)


correlation matrix of the fit parameters:

               a      b      c      
a               1.000 
b               0.725  1.000 
c              -0.703 -0.780  1.000 


*******************************************************************************
Tue Apr 22 12:37:55 2014


FIT:    data read from "1001.txt"
        format = z
        #datapoints = 100
        residuals are weighted equally (unit weight)

function used for fitting: f(x)
fitted parameters initialized with current variable values



 Iteration 0
 WSSR        : 3.21319           delta(WSSR)/WSSR   : 0
 delta(WSSR) : 0                 limit for stopping : 1e-05
 lambda	  : 0.0457322

initial set of free parameter values

a               = 2
b               = 3
c               = -1

After 9 iterations the fit converged.
final sum of squares of residuals : 0.014474
rel. change during last iteration : -6.9878e-07

degrees of freedom    (FIT_NDF)                        : 97
rms of residuals      (FIT_STDFIT) = sqrt(WSSR/ndf)    : 0.0122154
variance of residuals (reduced chisquare) = WSSR/ndf   : 0.000149216

Final set of parameters            Asymptotic Standard Error
=======================            ==========================

a               = 0.88369          +/- 0.007501     (0.8488%)
b               = 0.463368         +/- 0.01015      (2.191%)
c               = -1.01966         +/- 0.009381     (0.92%)


correlation matrix of the fit parameters:

               a      b      c      
a               1.000 
b               0.727  1.000 
c              -0.706 -0.781  1.000 


*******************************************************************************
Tue Apr 22 12:37:55 2014


FIT:    data read from "1051.txt"
        format = z
        #datapoints = 100
        residuals are weighted equally (unit weight)

function used for fitting: f(x)
fitted parameters initialized with current variable values



 Iteration 0
 WSSR        : 3.12738           delta(WSSR)/WSSR   : 0
 delta(WSSR) : 0                 limit for stopping : 1e-05
 lambda	  : 0.0457322

initial set of free parameter values

a               = 2
b               = 3
c               = -1

After 8 iterations the fit converged.
final sum of squares of residuals : 0.014052
rel. change during last iteration : -8.90838e-06

degrees of freedom    (FIT_NDF)                        : 97
rms of residuals      (FIT_STDFIT) = sqrt(WSSR/ndf)    : 0.012036
variance of residuals (reduced chisquare) = WSSR/ndf   : 0.000144866

Final set of parameters            Asymptotic Standard Error
=======================            ==========================

a               = 0.880673         +/- 0.007477     (0.849%)
b               = 0.483678         +/- 0.01012      (2.092%)
c               = -1.01877         +/- 0.009369     (0.9197%)


correlation matrix of the fit parameters:

               a      b      c      
a               1.000 
b               0.729  1.000 
c              -0.709 -0.783  1.000 


*******************************************************************************
Tue Apr 22 12:37:55 2014


FIT:    data read from "1101.txt"
        format = z
        #datapoints = 100
        residuals are weighted equally (unit weight)

function used for fitting: f(x)
fitted parameters initialized with current variable values



 Iteration 0
 WSSR        : 3.0472            delta(WSSR)/WSSR   : 0
 delta(WSSR) : 0                 limit for stopping : 1e-05
 lambda	  : 0.0457322

initial set of free parameter values

a               = 2
b               = 3
c               = -1

After 8 iterations the fit converged.
final sum of squares of residuals : 0.0136912
rel. change during last iteration : -7.12311e-06

degrees of freedom    (FIT_NDF)                        : 97
rms of residuals      (FIT_STDFIT) = sqrt(WSSR/ndf)    : 0.0118805
variance of residuals (reduced chisquare) = WSSR/ndf   : 0.000141146

Final set of parameters            Asymptotic Standard Error
=======================            ==========================

a               = 0.877818         +/- 0.007465     (0.8504%)
b               = 0.503214         +/- 0.0101       (2.008%)
c               = -1.01796         +/- 0.009373     (0.9207%)


correlation matrix of the fit parameters:

               a      b      c      
a               1.000 
b               0.731  1.000 
c              -0.711 -0.785  1.000 


*******************************************************************************
Tue Apr 22 12:37:55 2014


FIT:    data read from "1151.txt"
        format = z
        #datapoints = 100
        residuals are weighted equally (unit weight)

function used for fitting: f(x)
fitted parameters initialized with current variable values



 Iteration 0
 WSSR        : 2.97101           delta(WSSR)/WSSR   : 0
 delta(WSSR) : 0                 limit for stopping : 1e-05
 lambda	  : 0.0457322

initial set of free parameter values

a               = 2
b               = 3
c               = -1

After 8 iterations the fit converged.
final sum of squares of residuals : 0.013319
rel. change during last iteration : -5.58973e-06

degrees of freedom    (FIT_NDF)                        : 97
rms of residuals      (FIT_STDFIT) = sqrt(WSSR/ndf)    : 0.0117179
variance of residuals (reduced chisquare) = WSSR/ndf   : 0.000137309

Final set of parameters            Asymptotic Standard Error
=======================            ==========================

a               = 0.875282         +/- 0.007449     (0.851%)
b               = 0.522087         +/- 0.01008      (1.931%)
c               = -1.0172          +/- 0.009369     (0.9211%)


correlation matrix of the fit parameters:

               a      b      c      
a               1.000 
b               0.734  1.000 
c              -0.714 -0.786  1.000 


*******************************************************************************
Tue Apr 22 12:37:56 2014


FIT:    data read from "1201.txt"
        format = z
        #datapoints = 100
        residuals are weighted equally (unit weight)

function used for fitting: f(x)
fitted parameters initialized with current variable values



 Iteration 0
 WSSR        : 2.89947           delta(WSSR)/WSSR   : 0
 delta(WSSR) : 0                 limit for stopping : 1e-05
 lambda	  : 0.0457322

initial set of free parameter values

a               = 2
b               = 3
c               = -1

After 8 iterations the fit converged.
final sum of squares of residuals : 0.0130089
rel. change during last iteration : -4.39815e-06

degrees of freedom    (FIT_NDF)                        : 97
rms of residuals      (FIT_STDFIT) = sqrt(WSSR/ndf)    : 0.0115807
variance of residuals (reduced chisquare) = WSSR/ndf   : 0.000134112

Final set of parameters            Asymptotic Standard Error
=======================            ==========================

a               = 0.872867         +/- 0.007446     (0.853%)
b               = 0.540347         +/- 0.01008      (1.866%)
c               = -1.01654         +/- 0.009384     (0.9231%)


correlation matrix of the fit parameters:

               a      b      c      
a               1.000 
b               0.736  1.000 
c              -0.717 -0.788  1.000 


*******************************************************************************
Tue Apr 22 12:37:56 2014


FIT:    data read from "1251.txt"
        format = z
        #datapoints = 100
        residuals are weighted equally (unit weight)

function used for fitting: f(x)
fitted parameters initialized with current variable values



 Iteration 0
 WSSR        : 2.83144           delta(WSSR)/WSSR   : 0
 delta(WSSR) : 0                 limit for stopping : 1e-05
 lambda	  : 0.0457322

initial set of free parameter values

a               = 2
b               = 3
c               = -1

After 8 iterations the fit converged.
final sum of squares of residuals : 0.0126953
rel. change during last iteration : -3.45704e-06

degrees of freedom    (FIT_NDF)                        : 97
rms of residuals      (FIT_STDFIT) = sqrt(WSSR/ndf)    : 0.0114402
variance of residuals (reduced chisquare) = WSSR/ndf   : 0.000130879

Final set of parameters            Asymptotic Standard Error
=======================            ==========================

a               = 0.870689         +/- 0.00744      (0.8545%)
b               = 0.558017         +/- 0.01008      (1.807%)
c               = -1.01592         +/- 0.009395     (0.9248%)


correlation matrix of the fit parameters:

               a      b      c      
a               1.000 
b               0.738  1.000 
c              -0.720 -0.790  1.000 


*******************************************************************************
Tue Apr 22 12:37:56 2014


FIT:    data read from "1301.txt"
        format = z
        #datapoints = 100
        residuals are weighted equally (unit weight)

function used for fitting: f(x)
fitted parameters initialized with current variable values



 Iteration 0
 WSSR        : 2.76711           delta(WSSR)/WSSR   : 0
 delta(WSSR) : 0                 limit for stopping : 1e-05
 lambda	  : 0.0457322

initial set of free parameter values

a               = 2
b               = 3
c               = -1

After 8 iterations the fit converged.
final sum of squares of residuals : 0.0124022
rel. change during last iteration : -2.74293e-06

degrees of freedom    (FIT_NDF)                        : 97
rms of residuals      (FIT_STDFIT) = sqrt(WSSR/ndf)    : 0.0113074
variance of residuals (reduced chisquare) = WSSR/ndf   : 0.000127858

Final set of parameters            Asymptotic Standard Error
=======================            ==========================

a               = 0.868645         +/- 0.007437     (0.8562%)
b               = 0.575123         +/- 0.01008      (1.753%)
c               = -1.01536         +/- 0.00941      (0.9268%)


correlation matrix of the fit parameters:

               a      b      c      
a               1.000 
b               0.741  1.000 
c              -0.723 -0.793  1.000 


*******************************************************************************
Tue Apr 22 12:37:56 2014


FIT:    data read from "1351.txt"
        format = z
        #datapoints = 100
        residuals are weighted equally (unit weight)

function used for fitting: f(x)
fitted parameters initialized with current variable values



 Iteration 0
 WSSR        : 2.70609           delta(WSSR)/WSSR   : 0
 delta(WSSR) : 0                 limit for stopping : 1e-05
 lambda	  : 0.0457322

initial set of free parameter values

a               = 2
b               = 3
c               = -1

After 8 iterations the fit converged.
final sum of squares of residuals : 0.0121429
rel. change during last iteration : -2.20925e-06

degrees of freedom    (FIT_NDF)                        : 97
rms of residuals      (FIT_STDFIT) = sqrt(WSSR/ndf)    : 0.0111886
variance of residuals (reduced chisquare) = WSSR/ndf   : 0.000125184

Final set of parameters            Asymptotic Standard Error
=======================            ==========================

a               = 0.866741         +/- 0.007442     (0.8586%)
b               = 0.591737         +/- 0.0101       (1.707%)
c               = -1.01487         +/- 0.009436     (0.9297%)


correlation matrix of the fit parameters:

               a      b      c      
a               1.000 
b               0.743  1.000 
c              -0.726 -0.795  1.000 


*******************************************************************************
Tue Apr 22 12:37:56 2014


FIT:    data read from "1401.txt"
        format = z
        #datapoints = 100
        residuals are weighted equally (unit weight)

function used for fitting: f(x)
fitted parameters initialized with current variable values



 Iteration 0
 WSSR        : 2.64775           delta(WSSR)/WSSR   : 0
 delta(WSSR) : 0                 limit for stopping : 1e-05
 lambda	  : 0.0457322

initial set of free parameter values

a               = 2
b               = 3
c               = -1

After 8 iterations the fit converged.
final sum of squares of residuals : 0.0118868
rel. change during last iteration : -6.83384e-07

degrees of freedom    (FIT_NDF)                        : 97
rms of residuals      (FIT_STDFIT) = sqrt(WSSR/ndf)    : 0.01107
variance of residuals (reduced chisquare) = WSSR/ndf   : 0.000122545

Final set of parameters            Asymptotic Standard Error
=======================            ==========================

a               = 0.865002         +/- 0.007446     (0.8608%)
b               = 0.607897         +/- 0.01012      (1.664%)
c               = -1.01442         +/- 0.009461     (0.9326%)


correlation matrix of the fit parameters:

               a      b      c      
a               1.000 
b               0.746  1.000 
c              -0.729 -0.797  1.000 


*******************************************************************************
Tue Apr 22 12:37:56 2014


FIT:    data read from "1451.txt"
        format = z
        #datapoints = 100
        residuals are weighted equally (unit weight)

function used for fitting: f(x)
fitted parameters initialized with current variable values



 Iteration 0
 WSSR        : 2.59259           delta(WSSR)/WSSR   : 0
 delta(WSSR) : 0                 limit for stopping : 1e-05
 lambda	  : 0.0457322

initial set of free parameter values

a               = 2
b               = 3
c               = -1

After 8 iterations the fit converged.
final sum of squares of residuals : 0.0116476
rel. change during last iteration : -6.19334e-07

degrees of freedom    (FIT_NDF)                        : 97
rms of residuals      (FIT_STDFIT) = sqrt(WSSR/ndf)    : 0.010958
variance of residuals (reduced chisquare) = WSSR/ndf   : 0.000120079

Final set of parameters            Asymptotic Standard Error
=======================            ==========================

a               = 0.863356         +/- 0.007453     (0.8633%)
b               = 0.623571         +/- 0.01014      (1.625%)
c               = -1.01405         +/- 0.009489     (0.9358%)


correlation matrix of the fit parameters:

               a      b      c      
a               1.000 
b               0.748  1.000 
c              -0.732 -0.799  1.000 


*******************************************************************************
Tue Apr 22 12:37:56 2014


FIT:    data read from "1501.txt"
        format = z
        #datapoints = 100
        residuals are weighted equally (unit weight)

function used for fitting: f(x)
fitted parameters initialized with current variable values



 Iteration 0
 WSSR        : 2.53966           delta(WSSR)/WSSR   : 0
 delta(WSSR) : 0                 limit for stopping : 1e-05
 lambda	  : 0.0457322

initial set of free parameter values

a               = 2
b               = 3
c               = -1

After 7 iterations the fit converged.
final sum of squares of residuals : 0.0114308
rel. change during last iteration : -8.38393e-06

degrees of freedom    (FIT_NDF)                        : 97
rms of residuals      (FIT_STDFIT) = sqrt(WSSR/ndf)    : 0.0108556
variance of residuals (reduced chisquare) = WSSR/ndf   : 0.000117843

Final set of parameters            Asymptotic Standard Error
=======================            ==========================

a               = 0.861864         +/- 0.007466     (0.8663%)
b               = 0.638896         +/- 0.01017      (1.591%)
c               = -1.01373         +/- 0.009527     (0.9398%)


correlation matrix of the fit parameters:

               a      b      c      
a               1.000 
b               0.751  1.000 
c              -0.735 -0.802  1.000 


*******************************************************************************
Tue Apr 22 12:37:56 2014


FIT:    data read from "1551.txt"
        format = z
        #datapoints = 100
        residuals are weighted equally (unit weight)

function used for fitting: f(x)
fitted parameters initialized with current variable values



 Iteration 0
 WSSR        : 2.48919           delta(WSSR)/WSSR   : 0
 delta(WSSR) : 0                 limit for stopping : 1e-05
 lambda	  : 0.0457322

initial set of free parameter values

a               = 2
b               = 3
c               = -1

After 7 iterations the fit converged.
final sum of squares of residuals : 0.0112212
rel. change during last iteration : -6.1542e-06

degrees of freedom    (FIT_NDF)                        : 97
rms of residuals      (FIT_STDFIT) = sqrt(WSSR/ndf)    : 0.0107556
variance of residuals (reduced chisquare) = WSSR/ndf   : 0.000115682

Final set of parameters            Asymptotic Standard Error
=======================            ==========================

a               = 0.860464         +/- 0.00748      (0.8692%)
b               = 0.65381          +/- 0.0102       (1.56%)
c               = -1.01346         +/- 0.009565     (0.9438%)


correlation matrix of the fit parameters:

               a      b      c      
a               1.000 
b               0.753  1.000 
c              -0.738 -0.804  1.000 


*******************************************************************************
Tue Apr 22 12:37:56 2014


FIT:    data read from "1601.txt"
        format = z
        #datapoints = 100
        residuals are weighted equally (unit weight)

function used for fitting: f(x)
fitted parameters initialized with current variable values



 Iteration 0
 WSSR        : 2.44069           delta(WSSR)/WSSR   : 0
 delta(WSSR) : 0                 limit for stopping : 1e-05
 lambda	  : 0.0457322

initial set of free parameter values

a               = 2
b               = 3
c               = -1

After 7 iterations the fit converged.
final sum of squares of residuals : 0.0110114
rel. change during last iteration : -4.64408e-06

degrees of freedom    (FIT_NDF)                        : 97
rms of residuals      (FIT_STDFIT) = sqrt(WSSR/ndf)    : 0.0106545
variance of residuals (reduced chisquare) = WSSR/ndf   : 0.000113519

Final set of parameters            Asymptotic Standard Error
=======================            ==========================

a               = 0.859195         +/- 0.007492     (0.872%)
b               = 0.668372         +/- 0.01023      (1.53%)
c               = -1.01323         +/- 0.009602     (0.9477%)


correlation matrix of the fit parameters:

               a      b      c      
a               1.000 
b               0.756  1.000 
c              -0.741 -0.807  1.000 


*******************************************************************************
Tue Apr 22 12:37:56 2014


FIT:    data read from "1651.txt"
        format = z
        #datapoints = 100
        residuals are weighted equally (unit weight)

function used for fitting: f(x)
fitted parameters initialized with current variable values



 Iteration 0
 WSSR        : 2.39557           delta(WSSR)/WSSR   : 0
 delta(WSSR) : 0                 limit for stopping : 1e-05
 lambda	  : 0.0457322

initial set of free parameter values

a               = 2
b               = 3
c               = -1

After 7 iterations the fit converged.
final sum of squares of residuals : 0.0106271
rel. change during last iteration : -1.79704e-06

degrees of freedom    (FIT_NDF)                        : 97
rms of residuals      (FIT_STDFIT) = sqrt(WSSR/ndf)    : 0.010467
variance of residuals (reduced chisquare) = WSSR/ndf   : 0.000109557

Final set of parameters            Asymptotic Standard Error
=======================            ==========================

a               = 0.857855         +/- 0.007439     (0.8672%)
b               = 0.682472         +/- 0.01017      (1.49%)
c               = -1.01294         +/- 0.009556     (0.9434%)


correlation matrix of the fit parameters:

               a      b      c      
a               1.000 
b               0.759  1.000 
c              -0.744 -0.809  1.000 


*******************************************************************************
Tue Apr 22 12:37:56 2014


FIT:    data read from "1701.txt"
        format = z
        #datapoints = 100
        residuals are weighted equally (unit weight)

function used for fitting: f(x)
fitted parameters initialized with current variable values



 Iteration 0
 WSSR        : 2.35096           delta(WSSR)/WSSR   : 0
 delta(WSSR) : 0                 limit for stopping : 1e-05
 lambda	  : 0.0457322

initial set of free parameter values

a               = 2
b               = 3
c               = -1

After 7 iterations the fit converged.
final sum of squares of residuals : 0.0104612
rel. change during last iteration : -1.60198e-06

degrees of freedom    (FIT_NDF)                        : 97
rms of residuals      (FIT_STDFIT) = sqrt(WSSR/ndf)    : 0.010385
variance of residuals (reduced chisquare) = WSSR/ndf   : 0.000107848

Final set of parameters            Asymptotic Standard Error
=======================            ==========================

a               = 0.856782         +/- 0.007462     (0.871%)
b               = 0.69638          +/- 0.01022      (1.467%)
c               = -1.01281         +/- 0.009609     (0.9487%)


correlation matrix of the fit parameters:

               a      b      c      
a               1.000 
b               0.761  1.000 
c              -0.747 -0.812  1.000 


*******************************************************************************
Tue Apr 22 12:37:56 2014


FIT:    data read from "1751.txt"
        format = z
        #datapoints = 100
        residuals are weighted equally (unit weight)

function used for fitting: f(x)
fitted parameters initialized with current variable values



 Iteration 0
 WSSR        : 2.30826           delta(WSSR)/WSSR   : 0
 delta(WSSR) : 0                 limit for stopping : 1e-05
 lambda	  : 0.0457322

initial set of free parameter values

a               = 2
b               = 3
c               = -1

After 7 iterations the fit converged.
final sum of squares of residuals : 0.0103
rel. change during last iteration : -1.4792e-06

degrees of freedom    (FIT_NDF)                        : 97
rms of residuals      (FIT_STDFIT) = sqrt(WSSR/ndf)    : 0.0103047
variance of residuals (reduced chisquare) = WSSR/ndf   : 0.000106186

Final set of parameters            Asymptotic Standard Error
=======================            ==========================

a               = 0.855762         +/- 0.007486     (0.8747%)
b               = 0.709939         +/- 0.01027      (1.446%)
c               = -1.01271         +/- 0.009662     (0.9541%)


correlation matrix of the fit parameters:

               a      b      c      
a               1.000 
b               0.764  1.000 
c              -0.751 -0.814  1.000 


*******************************************************************************
Tue Apr 22 12:37:56 2014


FIT:    data read from "1801.txt"
        format = z
        #datapoints = 100
        residuals are weighted equally (unit weight)

function used for fitting: f(x)
fitted parameters initialized with current variable values



 Iteration 0
 WSSR        : 2.26735           delta(WSSR)/WSSR   : 0
 delta(WSSR) : 0                 limit for stopping : 1e-05
 lambda	  : 0.0457322

initial set of free parameter values

a               = 2
b               = 3
c               = -1

After 7 iterations the fit converged.
final sum of squares of residuals : 0.010146
rel. change during last iteration : -1.41424e-06

degrees of freedom    (FIT_NDF)                        : 97
rms of residuals      (FIT_STDFIT) = sqrt(WSSR/ndf)    : 0.0102273
variance of residuals (reduced chisquare) = WSSR/ndf   : 0.000104598

Final set of parameters            Asymptotic Standard Error
=======================            ==========================

a               = 0.854797         +/- 0.00751      (0.8786%)
b               = 0.723184         +/- 0.01032      (1.427%)
c               = -1.01265         +/- 0.009717     (0.9596%)


correlation matrix of the fit parameters:

               a      b      c      
a               1.000 
b               0.767  1.000 
c              -0.754 -0.817  1.000 


*******************************************************************************
Tue Apr 22 12:37:56 2014


FIT:    data read from "1851.txt"
        format = z
        #datapoints = 100
        residuals are weighted equally (unit weight)

function used for fitting: f(x)
fitted parameters initialized with current variable values



 Iteration 0
 WSSR        : 2.22772           delta(WSSR)/WSSR   : 0
 delta(WSSR) : 0                 limit for stopping : 1e-05
 lambda	  : 0.0457322

initial set of free parameter values

a               = 2
b               = 3
c               = -1

After 7 iterations the fit converged.
final sum of squares of residuals : 0.00998939
rel. change during last iteration : -1.39118e-06

degrees of freedom    (FIT_NDF)                        : 97
rms of residuals      (FIT_STDFIT) = sqrt(WSSR/ndf)    : 0.0101481
variance of residuals (reduced chisquare) = WSSR/ndf   : 0.000102983

Final set of parameters            Asymptotic Standard Error
=======================            ==========================

a               = 0.853954         +/- 0.007533     (0.8821%)
b               = 0.736194         +/- 0.01037      (1.409%)
c               = -1.01262         +/- 0.009771     (0.965%)


correlation matrix of the fit parameters:

               a      b      c      
a               1.000 
b               0.769  1.000 
c              -0.757 -0.819  1.000 


*******************************************************************************
Tue Apr 22 12:37:56 2014


FIT:    data read from "1901.txt"
        format = z
        #datapoints = 100
        residuals are weighted equally (unit weight)

function used for fitting: f(x)
fitted parameters initialized with current variable values



 Iteration 0
 WSSR        : 2.1896            delta(WSSR)/WSSR   : 0
 delta(WSSR) : 0                 limit for stopping : 1e-05
 lambda	  : 0.0457322

initial set of free parameter values

a               = 2
b               = 3
c               = -1

After 7 iterations the fit converged.
final sum of squares of residuals : 0.00984208
rel. change during last iteration : -1.40428e-06

degrees of freedom    (FIT_NDF)                        : 97
rms of residuals      (FIT_STDFIT) = sqrt(WSSR/ndf)    : 0.010073
variance of residuals (reduced chisquare) = WSSR/ndf   : 0.000101465

Final set of parameters            Asymptotic Standard Error
=======================            ==========================

a               = 0.853161         +/- 0.007558     (0.8859%)
b               = 0.748929         +/- 0.01043      (1.392%)
c               = -1.01263         +/- 0.009829     (0.9707%)


correlation matrix of the fit parameters:

               a      b      c      
a               1.000 
b               0.772  1.000 
c              -0.759 -0.822  1.000 


*******************************************************************************
Tue Apr 22 12:37:56 2014


FIT:    data read from "1951.txt"
        format = z
        #datapoints = 100
        residuals are weighted equally (unit weight)

function used for fitting: f(x)
fitted parameters initialized with current variable values



 Iteration 0
 WSSR        : 2.15303           delta(WSSR)/WSSR   : 0
 delta(WSSR) : 0                 limit for stopping : 1e-05
 lambda	  : 0.0457322

initial set of free parameter values

a               = 2
b               = 3
c               = -1

After 7 iterations the fit converged.
final sum of squares of residuals : 0.00970041
rel. change during last iteration : -1.44476e-06

degrees of freedom    (FIT_NDF)                        : 97
rms of residuals      (FIT_STDFIT) = sqrt(WSSR/ndf)    : 0.0100002
variance of residuals (reduced chisquare) = WSSR/ndf   : 0.000100004

Final set of parameters            Asymptotic Standard Error
=======================            ==========================

a               = 0.852407         +/- 0.007584     (0.8897%)
b               = 0.761384         +/- 0.01048      (1.377%)
c               = -1.01268         +/- 0.009889     (0.9765%)


correlation matrix of the fit parameters:

               a      b      c      
a               1.000 
b               0.775  1.000 
c              -0.762 -0.824  1.000 
